<?xml version="1.0" encoding="UTF-8"?>
<testng-results ignored="0" total="1" passed="1" failed="0" skipped="0">
  <reporter-output>
  </reporter-output>
  <suite started-at="2022-07-27T03:51:57 AST" name="Default suite" finished-at="2022-07-27T03:52:27 AST" duration-ms="30051">
    <groups>
    </groups>
    <test started-at="2022-07-27T03:51:57 AST" name="Default test" finished-at="2022-07-27T03:52:27 AST" duration-ms="30051">
      <class name="ass1BasicTypeofXPath.ChromWebDriver">
        <test-method is-config="true" signature="setUp()[pri:0, instance:ass1BasicTypeofXPath.ChromWebDriver@222114ba]" started-at="2022-07-27T03:51:57 AST" name="setUp" finished-at="2022-07-27T03:52:02 AST" duration-ms="5609" status="PASS">
          <reporter-output>
          </reporter-output>
        </test-method> <!-- setUp -->
        <test-method signature="LearnEnglishWebSite()[pri:0, instance:ass1BasicTypeofXPath.ChromWebDriver@222114ba]" started-at="2022-07-27T03:52:02 AST" name="LearnEnglishWebSite" finished-at="2022-07-27T03:52:26 AST" duration-ms="24038" status="PASS">
          <reporter-output>
          </reporter-output>
        </test-method> <!-- LearnEnglishWebSite -->
        <test-method is-config="true" signature="terminateBrowser()[pri:0, instance:ass1BasicTypeofXPath.ChromWebDriver@222114ba]" started-at="2022-07-27T03:52:26 AST" name="terminateBrowser" finished-at="2022-07-27T03:52:27 AST" duration-ms="314" status="PASS">
          <reporter-output>
          </reporter-output>
        </test-method> <!-- terminateBrowser -->
      </class> <!-- ass1BasicTypeofXPath.ChromWebDriver -->
    </test> <!-- Default test -->
  </suite> <!-- Default suite -->
</testng-results>
